<?xml version="1.0" encoding="UTF-8"?>
<testsuite xmlns:xsi="http://www.w3.org/2001/XMLSchema-instance" xsi:noNamespaceSchemaLocation="https://maven.apache.org/surefire/maven-surefire-plugin/xsd/surefire-test-report.xsd" name="com.project.test.securitygateway.controller.UserControllerTest" time="0.643" tests="6" errors="0" skipped="0" failures="0">
  <properties>
[...]
</properties>
  <testcase name="getAllUsers_when_return_unauthorized_error" classname="com.project.test.securitygateway.controller.UserControllerTest" time="0.028"/>
  <testcase name="getAllUsers_when_return_success" classname="com.project.test.securitygateway.controller.UserControllerTest" time="0.067"/>
  <testcase name="getUserByEmail_when_return_internal_error" classname="com.project.test.securitygateway.controller.UserControllerTest" time="0.025"/>
  <testcase name="getUserByEmail_when_return_success" classname="com.project.test.securitygateway.controller.UserControllerTest" time="0.013"/>
  <testcase name="getUserByEmail_when_return_unauthorized_error" classname="com.project.test.securitygateway.controller.UserControllerTest" time="0.011"/>
  <testcase name="getAllUsers_when_return_internal_error" classname="com.project.test.securitygateway.controller.UserControllerTest" time="0.011"/>
</testsuite>